# Logfile created on 2014-09-11 16:13:20 -0700 by logger.rb/44203
F, [2014-09-11 16:13:20#93851] FATAL -- : Argument 'foo' not given.
E, [2014-09-11 16:13:20#93851] ERROR -- : Argument  mismatch.
I, [2014-09-11 16:13:20#93851]  INFO -- initialize: Initializing...
F, [2014-09-11 16:13:20#93851] FATAL -- : Fatal error!
F, [2014-09-11 16:13:40#93934] FATAL -- : Argument 'foo' not given.
E, [2014-09-11 16:13:40#93934] ERROR -- : Argument  mismatch.
I, [2014-09-11 16:13:40#93934]  INFO -- initialize: Initializing...
F, [2014-09-11 16:13:40#93934] FATAL -- : Fatal error!
F, [2014-09-11 16:14:05#94129] FATAL -- : Argument 'foo' not given.
E, [2014-09-11 16:14:05#94129] ERROR -- : Argument  mismatch.
I, [2014-09-11 16:14:05#94129]  INFO -- initialize: Initializing...
F, [2014-09-11 16:14:05#94129] FATAL -- : Fatal error!
F, [2014-09-11 16:23:04#95249] FATAL -- : Argument 'foo' not given.
E, [2014-09-11 16:23:04#95249] ERROR -- : Argument  mismatch.
I, [2014-09-11 16:23:04#95249]  INFO -- initialize: Initializing...
F, [2014-09-11 16:23:04#95249] FATAL -- : Fatal error!
F, [2014-09-11 16:23:25#95323] FATAL -- : Argument 'foo' not given.
E, [2014-09-11 16:23:25#95323] ERROR -- : Argument  mismatch.
I, [2014-09-11 16:23:25#95323]  INFO -- initialize: Initializing...
F, [2014-09-11 16:23:25#95323] FATAL -- : Fatal error!
